Arguments: 
  /Users/ikongsgaard/.nvm/versions/node/v6.13.0/bin/node /usr/local/Cellar/yarn/1.5.1/libexec/bin/yarn.js add

PATH: 
  /Users/ikongsgaard/.nvm/versions/node/v6.13.0/bin:/usr/local/bin:/usr/bin:/bin:/usr/sbin:/sbin

Yarn version: 
  1.5.1

Node version: 
  6.13.0

Platform: 
  darwin x64

npm manifest: 
  No manifest

yarn manifest: 
  No manifest

Lockfile: 
  No lockfile

Trace: 
  Error: Missing list of packages to add to your project.
      at MessageError.Error (native)
      at new MessageError (/usr/local/Cellar/yarn/1.5.1/libexec/lib/cli.js:186:110)
      at Object.<anonymous> (/usr/local/Cellar/yarn/1.5.1/libexec/lib/cli.js:40587:13)
      at next (native)
      at step (/usr/local/Cellar/yarn/1.5.1/libexec/lib/cli.js:98:30)
      at /usr/local/Cellar/yarn/1.5.1/libexec/lib/cli.js:116:14
      at Promise.F (/usr/local/Cellar/yarn/1.5.1/libexec/lib/cli.js:23451:28)
      at Object.<anonymous> (/usr/local/Cellar/yarn/1.5.1/libexec/lib/cli.js:95:12)
      at Object.run (/usr/local/Cellar/yarn/1.5.1/libexec/lib/cli.js:40599:19)
      at run (/usr/local/Cellar/yarn/1.5.1/libexec/lib/cli.js:89113:20)
